0 info it worked if it ends with ok
1 verbose cli [ 'C:\\Program Files\\nodejs\\node.exe',
1 verbose cli   'C:\\Users\\Vlad\\AppData\\Roaming\\npm\\node_modules\\npm\\bin\\npm-cli.js',
1 verbose cli   'run',
1 verbose cli   'watch' ]
2 info using npm@4.1.1
3 info using node@v10.15.0
4 verbose run-script [ 'prewatch', 'watch', 'postwatch' ]
5 info lifecycle happytour@1.0.0~prewatch: happytour@1.0.0
6 silly lifecycle happytour@1.0.0~prewatch: no script for prewatch, continuing
7 info lifecycle happytour@1.0.0~watch: happytour@1.0.0
8 verbose lifecycle happytour@1.0.0~watch: unsafe-perm in lifecycle true
9 verbose lifecycle happytour@1.0.0~watch: PATH: C:\Users\Vlad\AppData\Roaming\npm\node_modules\npm\bin\node-gyp-bin;C:\xampp1\htdocs\happytour\node_modules\.bin;C:\Users\Vlad\AppData\Local\Temp\yarn--1572310170104-0.9342107055282374;C:\xampp1\htdocs\happytour\node_modules\.bin;C:\Users\Vlad\AppData\Local\Yarn\Data\link\node_modules\.bin;C:\Program Files\libexec\lib\node_modules\npm\bin\node-gyp-bin;C:\Program Files\lib\node_modules\npm\bin\node-gyp-bin;C:\Program Files\nodejs\node_modules\npm\bin\node-gyp-bin;C:\Program Files (x86)\Intel\iCLS Client\;C:\Program Files\Intel\iCLS Client\;C:\Python27\;C:\Python27\Scripts;C:\Program Files (x86)\Common Files\Oracle\Java\javapath;C:\Program Files\Python35\Scripts\;C:\Program Files\Python35\;C:\Program Files\Common Files\Microsoft Shared\Windows Live;C:\Program Files (x86)\Common Files\Microsoft Shared\Windows Live;C:\ProgramData\Oracle\Java\javapath;C:\WINDOWS\system32;C:\WINDOWS;C:\WINDOWS\System32\Wbem;C:\WINDOWS\System32\WindowsPowerShell\v1.0\;C:\Program Files (x86)\Intel\OpenCL SDK\2.0\bin\x86;C:\Program Files (x86)\Intel\OpenCL SDK\2.0\bin\x64;C:\Program Files\Microsoft SQL Server\110\Tools\Binn\;C:\Program Files (x86)\Microsoft SDKs\TypeScript\1.0\;C:\Program Files (x86)\Windows Live\Shared;C:\Program Files (x86)\QuickTime\QTSystem\;C:\Program Files\Git\cmd;C:\ProgramData\chocolatey\bin;C:\xampp1\php;C:\ProgramData\ComposerSetup\bin;C:\Program Files (x86)\CineForm\Tools;C:\Program Files (x86)\GoPro\Tools;C:\WINDOWS\System32\OpenSSH\;C:\Program Files\nodejs\;C:\Program Files (x86)\Brackets\command;C:\Program Files (x86)\Intel\Intel(R) Management Engine Components\DAL;C:\Program Files\Intel\Intel(R) Management Engine Components\DAL;C:\Program Files (x86)\Intel\Intel(R) Management Engine Components\IPT;C:\Program Files\Intel\Intel(R) Management Engine Components\IPT;C:\Program Files (x86)\Yarn\bin\;C:\Users\Vlad\.cargo\bin;C:\Users\Vlad\AppData\Local\Programs\Python\Python37\Scripts\;C:\Users\Vlad\AppData\Local\Programs\Python\Python37\;C:\Users\Vlad\AppData\Local\Programs\Python\Python36\Scripts\;C:\Users\Vlad\AppData\Local\Programs\Python\Python36\;C:\Program Files (x86)\ValidatorBuddy;C:\Users\Vlad\AppData\Local\Microsoft\WindowsApps;C:\Users\Vlad\AppData\Roaming\Composer\vendor\bin;C:\Users\Vlad\AppData\Local\Programs\Microsoft VS Code\bin;C:\Users\Vlad\AppData\Roaming\npm;C:\Users\Vlad\AppData\Local\GitHubDesktop\bin;C:\Users\Vlad\AppData\Local\Microsoft\WindowsApps;C:\Users\Vlad\AppData\Local\Yarn\bin
10 verbose lifecycle happytour@1.0.0~watch: CWD: C:\xampp1\htdocs\happytour
11 silly lifecycle happytour@1.0.0~watch: Args: [ '/d /s /c', 'webpack --config webpack.dev.js --watch' ]
12 silly lifecycle happytour@1.0.0~watch: Returned: code: 3221225786  signal: null
13 info lifecycle happytour@1.0.0~watch: Failed to exec watch script
14 verbose stack Error: happytour@1.0.0 watch: `webpack --config webpack.dev.js --watch`
14 verbose stack Exit status 3221225786
14 verbose stack     at EventEmitter.<anonymous> (C:\Users\Vlad\AppData\Roaming\npm\node_modules\npm\lib\utils\lifecycle.js:279:16)
14 verbose stack     at EventEmitter.emit (events.js:182:13)
14 verbose stack     at ChildProcess.<anonymous> (C:\Users\Vlad\AppData\Roaming\npm\node_modules\npm\lib\utils\spawn.js:40:14)
14 verbose stack     at ChildProcess.emit (events.js:182:13)
14 verbose stack     at maybeClose (internal/child_process.js:962:16)
14 verbose stack     at Process.ChildProcess._handle.onexit (internal/child_process.js:251:5)
15 verbose pkgid happytour@1.0.0
16 verbose cwd C:\xampp1\htdocs\happytour
17 error Windows_NT 10.0.18362
18 error argv "C:\\Program Files\\nodejs\\node.exe" "C:\\Users\\Vlad\\AppData\\Roaming\\npm\\node_modules\\npm\\bin\\npm-cli.js" "run" "watch"
19 error node v10.15.0
20 error npm  v4.1.1
21 error code ELIFECYCLE
22 error happytour@1.0.0 watch: `webpack --config webpack.dev.js --watch`
22 error Exit status 3221225786
23 error Failed at the happytour@1.0.0 watch script 'webpack --config webpack.dev.js --watch'.
23 error Make sure you have the latest version of node.js and npm installed.
23 error If you do, this is most likely a problem with the happytour package,
23 error not with npm itself.
23 error Tell the author that this fails on your system:
23 error     webpack --config webpack.dev.js --watch
23 error You can get information on how to open an issue for this project with:
23 error     npm bugs happytour
23 error Or if that isn't available, you can get their info via:
23 error     npm owner ls happytour
23 error There is likely additional logging output above.
24 verbose exit [ 1, true ]
